%!Adobe-FontList 1.20
%Locale:0x410

%BeginFont
Handler:DirectoryHandler
FontType:Invalid
OutlineFileName:C:\Users\Jessica\Documents\mysite\personalSite\crazyme\src\assets\img\progetti_grafici\home_regulator\Font\Orbitron\OFL.txt
FileModTime:1549788500
%EndFont

%BeginFont
Handler:DirectoryHandler
FontType:TrueType
FontName:Orbitron-Black
FamilyName:Orbitron Black
StyleName:Regular
FullName:Orbitron Black
MenuName:Orbitron Black
StyleBits:0
WritingScript:Roman
OutlineFileName:C:\Users\Jessica\Documents\mysite\personalSite\crazyme\src\assets\img\progetti_grafici\home_regulator\Font\Orbitron\Orbitron-Black.ttf
DataFormat:sfntData
hasSVG:no
VariableFontType:NonVariableFont
FileLength:20892
FileModTime:1549788508
WeightClass:900
WidthClass:5
AngleClass:0
NameArray:0,Win,1,Orbitron Black
%EndFont

%BeginFont
Handler:DirectoryHandler
FontType:TrueType
FontName:Orbitron-Bold
FamilyName:Orbitron
StyleName:Bold
FullName:Orbitron Bold
MenuName:Orbitron
StyleBits:2
WritingScript:Roman
OutlineFileName:C:\Users\Jessica\Documents\mysite\personalSite\crazyme\src\assets\img\progetti_grafici\home_regulator\Font\Orbitron\Orbitron-Bold.ttf
DataFormat:sfntData
hasSVG:no
VariableFontType:NonVariableFont
FileLength:22384
FileModTime:1549788514
WeightClass:700
WidthClass:5
AngleClass:0
NameArray:0,Win,1,Orbitron
%EndFont

%BeginFont
Handler:DirectoryHandler
FontType:TrueType
FontName:Orbitron-Medium
FamilyName:Orbitron Medium
StyleName:Regular
FullName:Orbitron Medium
MenuName:Orbitron Medium
StyleBits:0
WritingScript:Roman
OutlineFileName:C:\Users\Jessica\Documents\mysite\personalSite\crazyme\src\assets\img\progetti_grafici\home_regulator\Font\Orbitron\Orbitron-Medium.ttf
DataFormat:sfntData
hasSVG:no
VariableFontType:NonVariableFont
FileLength:23680
FileModTime:1549788516
WeightClass:500
WidthClass:5
AngleClass:0
NameArray:0,Win,1,Orbitron Medium
%EndFont

%BeginFont
Handler:DirectoryHandler
FontType:TrueType
FontName:Orbitron-Regular
FamilyName:Orbitron
StyleName:Regular
FullName:Orbitron Regular
MenuName:Orbitron
StyleBits:0
WritingScript:Roman
OutlineFileName:C:\Users\Jessica\Documents\mysite\personalSite\crazyme\src\assets\img\progetti_grafici\home_regulator\Font\Orbitron\Orbitron-Regular.ttf
DataFormat:sfntData
hasSVG:no
VariableFontType:NonVariableFont
FileLength:23584
FileModTime:1549788516
WeightClass:400
WidthClass:5
AngleClass:0
NameArray:0,Win,1,Orbitron
%EndFont

